TN:
SF:script/Olympus.s.sol
FN:20,OlympusScript.run
FNDA:0,OlympusScript.run
DA:21,0
DA:23,0
BRDA:23,0,0,-
BRDA:23,0,1,-
DA:24,0
DA:25,0
DA:26,0
DA:27,0
DA:28,0
DA:29,0
DA:30,0
BRDA:30,1,0,-
BRDA:30,1,1,-
DA:31,0
DA:32,0
DA:33,0
DA:34,0
DA:35,0
DA:36,0
DA:39,0
DA:41,0
FNF:1
FNH:0
LF:17
LH:0
BRF:4
BRH:0
end_of_record
TN:
SF:src/MerakiToken.sol
FN:28,MerakiToken.adminBatchMint
FNDA:0,MerakiToken.adminBatchMint
DA:33,0
BRDA:33,0,0,-
BRDA:33,0,1,-
DA:34,0
DA:35,0
DA:36,0
DA:37,0
FN:44,MerakiToken.stopMinting
FNDA:0,MerakiToken.stopMinting
DA:45,0
FN:51,MerakiToken.setURI
FNDA:0,MerakiToken.setURI
DA:52,0
DA:53,0
FN:60,MerakiToken.tokenURI
FNDA:0,MerakiToken.tokenURI
DA:61,0
FN:69,MerakiToken._baseURI
FNDA:0,MerakiToken._baseURI
DA:70,0
FNF:5
FNH:0
LF:10
LH:0
BRF:2
BRH:0
end_of_record
TN:
SF:src/MintableERC20.sol
FN:10,MintableERC20.mint
FNDA:0,MintableERC20.mint
DA:11,0
FNF:1
FNH:0
LF:1
LH:0
BRF:0
BRH:0
end_of_record
TN:
SF:src/MintableERC721.sol
FN:12,MintableERC721.mint
FNDA:0,MintableERC721.mint
DA:13,0
DA:14,0
FNF:1
FNH:0
LF:2
LH:0
BRF:0
BRH:0
end_of_record
TN:
SF:src/Olympus.sol
FN:25,Olympus.getFounderList
FNDA:5135,Olympus.getFounderList
DA:26,5135
FN:63,Olympus.adjustFounderInfo
FNDA:262,Olympus.adjustFounderInfo
DA:68,262
BRDA:68,0,0,1
BRDA:68,0,1,261
DA:71,261
DA:72,1295
DA:73,1295
DA:76,261
DA:77,261
DA:78,1290
BRDA:78,1,0,1
BRDA:78,1,1,1289
DA:79,1289
DA:80,1289
DA:83,260
BRDA:83,2,0,1
BRDA:83,2,1,259
DA:85,259
BRDA:85,3,0,1
BRDA:85,3,1,257
DA:86,258
BRDA:86,4,0,1
BRDA:86,4,1,257
DA:87,257
DA:88,257
DA:92,258
FN:99,Olympus.stake
FNDA:2307,Olympus.stake
DA:100,2306
BRDA:100,5,0,256
BRDA:100,5,1,2050
DA:102,2050
DA:103,2050
DA:104,94061
DA:105,94061
DA:108,2050
DA:109,2050
FN:112,Olympus.unstake
FNDA:1281,Olympus.unstake
DA:113,1281
BRDA:113,6,0,256
BRDA:113,6,1,1025
DA:115,1025
DA:117,1025
DA:118,1025
DA:121,769
DA:122,769
DA:123,15919
DA:124,15663
DA:125,15663
FN:131,Olympus.DAOVotingPower
FNDA:512,Olympus.DAOVotingPower
DA:132,512
FN:135,Olympus.usersNFTs
FNDA:256,Olympus.usersNFTs
DA:136,256
DA:137,256
DA:138,8170
DA:140,0
FN:143,Olympus.userBalance
FNDA:25656,Olympus.userBalance
DA:144,183270
FN:147,Olympus.totalAmountDeposited
FNDA:27196,Olympus.totalAmountDeposited
DA:148,56949
FN:151,Olympus.decimals
FNDA:1,Olympus.decimals
DA:152,0
FNF:9
FNH:9
LF:40
LH:38
BRF:14
BRH:14
end_of_record
TN:
SF:src/OlympusAggregator.sol
FN:23,OlympusAggregator.withdrawToken
FNDA:0,OlympusAggregator.withdrawToken
DA:24,0
DA:25,0
FN:28,OlympusAggregator.sendRewardToOlympus
FNDA:0,OlympusAggregator.sendRewardToOlympus
DA:29,0
DA:30,0
FN:33,OlympusAggregator.checkUpkeep
FNDA:0,OlympusAggregator.checkUpkeep
DA:34,0
FN:42,OlympusAggregator.performUpkeep
FNDA:0,OlympusAggregator.performUpkeep
DA:43,0
DA:44,0
BRDA:44,0,0,-
BRDA:44,0,1,-
DA:46,0
FN:49,OlympusAggregator._sendRewardToOlympus
FNDA:0,OlympusAggregator._sendRewardToOlympus
DA:50,0
DA:51,0
FNF:5
FNH:0
LF:10
LH:0
BRF:2
BRH:0
end_of_record
TN:
SF:src/RewardDistributor.sol
FN:49,RewardDistributor.Pause
FNDA:1,RewardDistributor.Pause
DA:50,1
FN:53,RewardDistributor.unPause
FNDA:1,RewardDistributor.unPause
DA:54,1
FN:59,RewardDistributor.setPayoutTo
FNDA:512,RewardDistributor.setPayoutTo
DA:60,512
FN:65,RewardDistributor.depositReward
FNDA:29754,RewardDistributor.depositReward
DA:66,29753
DA:68,29753
DA:69,29753
DA:71,29753
DA:72,29753
FN:75,RewardDistributor.claimRewards
FNDA:65849,RewardDistributor.claimRewards
DA:76,65847
FN:84,RewardDistributor.userBalance
FNDA:0,RewardDistributor.userBalance
DA:85,0
FN:91,RewardDistributor.totalAmountDeposited
FNDA:0,RewardDistributor.totalAmountDeposited
DA:92,0
FN:95,RewardDistributor.pendingRewards
FNDA:92019,RewardDistributor.pendingRewards
DA:96,92019
DA:97,92019
DA:99,92019
DA:100,92019
BRDA:100,0,0,90990
BRDA:100,0,1,92019
DA:101,90990
FN:109,RewardDistributor._updateRewards
FNDA:70217,RewardDistributor._updateRewards
DA:110,70217
BRDA:110,1,0,70217
BRDA:110,1,1,70217
DA:111,70217
DA:112,70217
DA:113,70217
BRDA:113,2,0,3593
BRDA:113,2,1,66624
DA:114,3593
DA:116,66624
DA:117,66624
FN:124,RewardDistributor._claimRewards
FNDA:65847,RewardDistributor._claimRewards
DA:125,65847
BRDA:125,3,0,-
BRDA:125,3,1,65847
DA:126,65847
DA:127,65847
DA:129,65847
DA:130,65847
BRDA:130,4,0,65847
BRDA:130,4,1,-
DA:131,65847
DA:132,65847
DA:133,65847
DA:135,0
FN:142,RewardDistributor._beforeTokenTransfer
FNDA:3331,RewardDistributor._beforeTokenTransfer
DA:147,3331
DA:148,3331
BRDA:148,5,0,256
BRDA:148,5,1,3075
FNF:11
FNH:9
LF:34
LH:31
BRF:12
BRH:10
end_of_record
TN:
SF:src/mocks/ReentrancyAttacker.sol
FN:19,ReentrancyAttacker.stake
FNDA:1,ReentrancyAttacker.stake
DA:20,1
FN:23,ReentrancyAttacker.unstake
FNDA:1,ReentrancyAttacker.unstake
DA:24,1
FN:27,ReentrancyAttacker.onERC721Received
FNDA:1,ReentrancyAttacker.onERC721Received
DA:34,1
DA:35,0
FNF:3
FNH:3
LF:4
LH:3
BRF:0
BRH:0
end_of_record
